0 info it worked if it ends with ok
1 verbose cli [ 'C:\\nodejs\\node.exe',
1 verbose cli   'C:\\nodejs\\node_modules\\npm\\bin\\npm-cli.js',
1 verbose cli   'install',
1 verbose cli   'toxiclibs',
1 verbose cli   '--save' ]
2 info using npm@1.4.28
3 info using node@v0.10.33
4 verbose readDependencies using package.json deps
5 verbose cache add [ 'toxiclibs', null ]
6 verbose cache add name=undefined spec="toxiclibs" args=["toxiclibs",null]
7 verbose parsed url { protocol: null,
7 verbose parsed url   slashes: null,
7 verbose parsed url   auth: null,
7 verbose parsed url   host: null,
7 verbose parsed url   port: null,
7 verbose parsed url   hostname: null,
7 verbose parsed url   hash: null,
7 verbose parsed url   search: null,
7 verbose parsed url   query: null,
7 verbose parsed url   pathname: 'toxiclibs',
7 verbose parsed url   path: 'toxiclibs',
7 verbose parsed url   href: 'toxiclibs' }
8 silly lockFile 1a1b4355-toxiclibs toxiclibs
9 verbose lock toxiclibs C:\Users\karlin\AppData\Roaming\npm-cache\1a1b4355-toxiclibs.lock
10 silly lockFile 1a1b4355-toxiclibs toxiclibs
11 silly lockFile 1a1b4355-toxiclibs toxiclibs
12 verbose addNamed [ 'toxiclibs', '' ]
13 verbose addNamed [ null, '*' ]
14 silly lockFile f4cbeff4-toxiclibs toxiclibs@
15 verbose lock toxiclibs@ C:\Users\karlin\AppData\Roaming\npm-cache\f4cbeff4-toxiclibs.lock
16 silly addNameRange { name: 'toxiclibs', range: '*', hasData: false }
17 verbose request where is /toxiclibs
18 verbose request registry https://registry.npmjs.org/
19 verbose request id 0a4dcb9b175a9331
20 verbose url raw /toxiclibs
21 verbose url resolving [ 'https://registry.npmjs.org/', './toxiclibs' ]
22 verbose url resolved https://registry.npmjs.org/toxiclibs
23 verbose request where is https://registry.npmjs.org/toxiclibs
24 info trying registry request attempt 1 at 12:26:37
25 http GET https://registry.npmjs.org/toxiclibs
26 http 404 https://registry.npmjs.org/toxiclibs
27 silly registry.get cb [ 404,
27 silly registry.get   { 'content-type': 'application/json',
27 silly registry.get     'cache-control': 'max-age=0',
27 silly registry.get     'content-length': '2',
27 silly registry.get     'accept-ranges': 'bytes',
27 silly registry.get     date: 'Sun, 23 Aug 2015 16:26:37 GMT',
27 silly registry.get     via: '1.1 varnish',
27 silly registry.get     age: '0',
27 silly registry.get     connection: 'keep-alive',
27 silly registry.get     'x-served-by': 'cache-ord1720-ORD',
27 silly registry.get     'x-cache': 'MISS',
27 silly registry.get     'x-cache-hits': '0',
27 silly registry.get     'x-timer': 'S1440347197.020355,VS0,VE151' } ]
28 silly lockFile f4cbeff4-toxiclibs toxiclibs@
29 silly lockFile f4cbeff4-toxiclibs toxiclibs@
30 error 404 Not Found
30 error 404
30 error 404 'toxiclibs' is not in the npm registry.
30 error 404 You should bug the author to publish it
30 error 404 It was specified as a dependency of 'ld33'
30 error 404
30 error 404 Note that you can also install from a
30 error 404 tarball, folder, or http url, or git url.
31 error System Windows_NT 6.1.7601
32 error command "C:\\nodejs\\node.exe" "C:\\nodejs\\node_modules\\npm\\bin\\npm-cli.js" "install" "toxiclibs" "--save"
33 error cwd C:\cygwin64\home\karlin\git\ld33
34 error node -v v0.10.33
35 error npm -v 1.4.28
36 error code E404
37 verbose exit [ 1, true ]
